[2025-10-26T15:28:57.618+0200][0.008s] Using G1
[2025-10-26T15:28:57.728+0200][0.118s] Version: 17+35-2724 (release)
[2025-10-26T15:28:57.728+0200][0.118s] CPUs: 8 total, 8 available
[2025-10-26T15:28:57.728+0200][0.118s] Memory: 16319M
[2025-10-26T15:28:57.728+0200][0.118s] Large Page Support: Disabled
[2025-10-26T15:28:57.728+0200][0.118s] NUMA Support: Disabled
[2025-10-26T15:28:57.728+0200][0.118s] Compressed Oops: Enabled (32-bit)
[2025-10-26T15:28:57.728+0200][0.118s] Heap Region Size: 1M
[2025-10-26T15:28:57.728+0200][0.118s] Heap Min Capacity: 512M
[2025-10-26T15:28:57.728+0200][0.118s] Heap Initial Capacity: 512M
[2025-10-26T15:28:57.728+0200][0.118s] Heap Max Capacity: 512M
[2025-10-26T15:28:57.728+0200][0.118s] Pre-touch: Enabled
[2025-10-26T15:28:57.728+0200][0.118s] Parallel Workers: 8
[2025-10-26T15:28:57.728+0200][0.118s] Concurrent Workers: 2
[2025-10-26T15:28:57.728+0200][0.118s] Concurrent Refinement Workers: 8
[2025-10-26T15:28:57.728+0200][0.118s] Periodic GC: Disabled
[2025-10-26T15:28:57.728+0200][0.118s] CDS archive(s) mapped at: [0x0000000800000000-0x0000000800bc0000-0x0000000800bc0000), size 12320768, SharedBaseAddress: 0x0000000800000000, ArchiveRelocationMode: 0.
[2025-10-26T15:28:57.728+0200][0.118s] Compressed class space mapped at: 0x0000000800c00000-0x0000000840c00000, reserved size: 1073741824
[2025-10-26T15:28:57.728+0200][0.118s] Narrow klass base: 0x0000000800000000, Narrow klass shift: 0, Narrow klass range: 0x100000000
[2025-10-26T15:28:58.223+0200][0.613s] GC(0) Pause Young (Normal) (G1 Evacuation Pause)
[2025-10-26T15:28:58.223+0200][0.613s] GC(0) Using 8 workers of 8 for evacuation
[2025-10-26T15:28:58.226+0200][0.616s] GC(0)   Pre Evacuate Collection Set: 0.1ms
[2025-10-26T15:28:58.226+0200][0.616s] GC(0)   Merge Heap Roots: 0.0ms
[2025-10-26T15:28:58.226+0200][0.616s] GC(0)   Evacuate Collection Set: 1.9ms
[2025-10-26T15:28:58.226+0200][0.616s] GC(0)   Post Evacuate Collection Set: 0.2ms
[2025-10-26T15:28:58.226+0200][0.616s] GC(0)   Other: 0.3ms
[2025-10-26T15:28:58.226+0200][0.616s] GC(0) Eden regions: 29->0(42)
[2025-10-26T15:28:58.226+0200][0.616s] GC(0) Survivor regions: 0->4(4)
[2025-10-26T15:28:58.226+0200][0.616s] GC(0) Old regions: 0->0
[2025-10-26T15:28:58.226+0200][0.616s] GC(0) Archive regions: 0->0
[2025-10-26T15:28:58.226+0200][0.616s] GC(0) Humongous regions: 0->0
[2025-10-26T15:28:58.226+0200][0.616s] GC(0) Metaspace: 6902K(7104K)->6902K(7104K) NonClass: 6084K(6208K)->6084K(6208K) Class: 818K(896K)->818K(896K)
[2025-10-26T15:28:58.226+0200][0.616s] GC(0) Pause Young (Normal) (G1 Evacuation Pause) 29M->3M(512M) 2.586ms
[2025-10-26T15:28:58.226+0200][0.616s] GC(0) User=0.00s Sys=0.00s Real=0.00s
[2025-10-26T15:28:58.826+0200][1.216s] GC(1) Pause Young (Normal) (G1 Evacuation Pause)
[2025-10-26T15:28:58.826+0200][1.216s] GC(1) Using 8 workers of 8 for evacuation
[2025-10-26T15:28:58.832+0200][1.222s] GC(1)   Pre Evacuate Collection Set: 0.1ms
[2025-10-26T15:28:58.832+0200][1.222s] GC(1)   Merge Heap Roots: 0.0ms
[2025-10-26T15:28:58.832+0200][1.222s] GC(1)   Evacuate Collection Set: 5.3ms
[2025-10-26T15:28:58.832+0200][1.222s] GC(1)   Post Evacuate Collection Set: 0.6ms
[2025-10-26T15:28:58.832+0200][1.222s] GC(1)   Other: 0.1ms
[2025-10-26T15:28:58.832+0200][1.222s] GC(1) Eden regions: 42->0(92)
[2025-10-26T15:28:58.832+0200][1.222s] GC(1) Survivor regions: 4->6(6)
[2025-10-26T15:28:58.832+0200][1.222s] GC(1) Old regions: 0->10
[2025-10-26T15:28:58.832+0200][1.222s] GC(1) Archive regions: 0->0
[2025-10-26T15:28:58.832+0200][1.222s] GC(1) Humongous regions: 4->4
[2025-10-26T15:28:58.832+0200][1.222s] GC(1) Metaspace: 16687K(16896K)->16687K(16896K) NonClass: 14746K(14848K)->14746K(14848K) Class: 1941K(2048K)->1941K(2048K)
[2025-10-26T15:28:58.832+0200][1.222s] GC(1) Pause Young (Normal) (G1 Evacuation Pause) 49M->19M(512M) 6.170ms
[2025-10-26T15:28:58.832+0200][1.222s] GC(1) User=0.00s Sys=0.00s Real=0.01s
[2025-10-26T15:28:59.204+0200][1.593s] GC(2) Pause Young (Concurrent Start) (Metadata GC Threshold)
[2025-10-26T15:28:59.204+0200][1.593s] GC(2) Using 8 workers of 8 for evacuation
[2025-10-26T15:28:59.207+0200][1.597s] GC(2)   Pre Evacuate Collection Set: 0.0ms
[2025-10-26T15:28:59.207+0200][1.597s] GC(2)   Merge Heap Roots: 0.0ms
[2025-10-26T15:28:59.207+0200][1.597s] GC(2)   Evacuate Collection Set: 2.9ms
[2025-10-26T15:28:59.207+0200][1.597s] GC(2)   Post Evacuate Collection Set: 0.4ms
[2025-10-26T15:28:59.207+0200][1.597s] GC(2)   Other: 0.2ms
[2025-10-26T15:28:59.207+0200][1.597s] GC(2) Eden regions: 49->0(187)
[2025-10-26T15:28:59.207+0200][1.597s] GC(2) Survivor regions: 6->12(13)
[2025-10-26T15:28:59.207+0200][1.597s] GC(2) Old regions: 10->10
[2025-10-26T15:28:59.207+0200][1.597s] GC(2) Archive regions: 0->0
[2025-10-26T15:28:59.207+0200][1.597s] GC(2) Humongous regions: 4->4
[2025-10-26T15:28:59.207+0200][1.597s] GC(2) Metaspace: 21218K(21504K)->21218K(21504K) NonClass: 18817K(18944K)->18817K(18944K) Class: 2401K(2560K)->2401K(2560K)
[2025-10-26T15:28:59.207+0200][1.597s] GC(2) Pause Young (Concurrent Start) (Metadata GC Threshold) 68M->25M(512M) 3.615ms
[2025-10-26T15:28:59.207+0200][1.597s] GC(2) User=0.00s Sys=0.00s Real=0.00s
[2025-10-26T15:28:59.207+0200][1.597s] GC(3) Concurrent Mark Cycle
[2025-10-26T15:28:59.207+0200][1.597s] GC(3) Concurrent Clear Claimed Marks
[2025-10-26T15:28:59.207+0200][1.597s] GC(3) Concurrent Clear Claimed Marks 0.017ms
[2025-10-26T15:28:59.207+0200][1.597s] GC(3) Concurrent Scan Root Regions
[2025-10-26T15:28:59.209+0200][1.599s] GC(3) Concurrent Scan Root Regions 1.467ms
[2025-10-26T15:28:59.209+0200][1.599s] GC(3) Concurrent Mark
[2025-10-26T15:28:59.209+0200][1.599s] GC(3) Concurrent Mark From Roots
[2025-10-26T15:28:59.209+0200][1.599s] GC(3) Using 2 workers of 2 for marking
[2025-10-26T15:28:59.215+0200][1.605s] GC(3) Concurrent Mark From Roots 6.703ms
[2025-10-26T15:28:59.215+0200][1.605s] GC(3) Concurrent Preclean
[2025-10-26T15:28:59.216+0200][1.605s] GC(3) Concurrent Preclean 0.080ms
[2025-10-26T15:28:59.216+0200][1.606s] GC(3) Pause Remark
[2025-10-26T15:28:59.217+0200][1.606s] GC(3) Pause Remark 26M->26M(512M) 0.894ms
[2025-10-26T15:28:59.217+0200][1.606s] GC(3) User=0.00s Sys=0.00s Real=0.00s
[2025-10-26T15:28:59.217+0200][1.607s] GC(3) Concurrent Mark 7.867ms
[2025-10-26T15:28:59.217+0200][1.607s] GC(3) Concurrent Rebuild Remembered Sets
[2025-10-26T15:28:59.220+0200][1.610s] GC(3) Concurrent Rebuild Remembered Sets 3.247ms
[2025-10-26T15:28:59.220+0200][1.610s] GC(3) Pause Cleanup
[2025-10-26T15:28:59.220+0200][1.610s] GC(3) Pause Cleanup 26M->26M(512M) 0.066ms
[2025-10-26T15:28:59.220+0200][1.610s] GC(3) User=0.00s Sys=0.00s Real=0.00s
[2025-10-26T15:28:59.220+0200][1.610s] GC(3) Concurrent Cleanup for Next Mark
[2025-10-26T15:28:59.220+0200][1.610s] GC(3) Concurrent Cleanup for Next Mark 0.227ms
[2025-10-26T15:28:59.220+0200][1.610s] GC(3) Concurrent Mark Cycle 13.140ms
[2025-10-26T15:29:00.133+0200][2.522s] GC(4) Pause Young (Concurrent Start) (Metadata GC Threshold)
[2025-10-26T15:29:00.133+0200][2.522s] GC(4) Using 8 workers of 8 for evacuation
[2025-10-26T15:29:00.139+0200][2.528s] GC(4)   Pre Evacuate Collection Set: 0.1ms
[2025-10-26T15:29:00.139+0200][2.528s] GC(4)   Merge Heap Roots: 0.0ms
[2025-10-26T15:29:00.139+0200][2.528s] GC(4)   Evacuate Collection Set: 4.7ms
[2025-10-26T15:29:00.139+0200][2.528s] GC(4)   Post Evacuate Collection Set: 0.4ms
[2025-10-26T15:29:00.139+0200][2.528s] GC(4)   Other: 0.2ms
[2025-10-26T15:29:00.139+0200][2.528s] GC(4) Eden regions: 80->0(290)
[2025-10-26T15:29:00.139+0200][2.528s] GC(4) Survivor regions: 12->17(27)
[2025-10-26T15:29:00.139+0200][2.528s] GC(4) Old regions: 10->10
[2025-10-26T15:29:00.139+0200][2.528s] GC(4) Archive regions: 0->0
[2025-10-26T15:29:00.139+0200][2.528s] GC(4) Humongous regions: 5->4
[2025-10-26T15:29:00.139+0200][2.528s] GC(4) Metaspace: 36007K(36288K)->36007K(36288K) NonClass: 31809K(31936K)->31809K(31936K) Class: 4198K(4352K)->4198K(4352K)
[2025-10-26T15:29:00.139+0200][2.528s] GC(4) Pause Young (Concurrent Start) (Metadata GC Threshold) 106M->30M(512M) 5.515ms
[2025-10-26T15:29:00.139+0200][2.528s] GC(4) User=0.12s Sys=0.00s Real=0.01s
[2025-10-26T15:29:00.139+0200][2.528s] GC(5) Concurrent Mark Cycle
[2025-10-26T15:29:00.139+0200][2.528s] GC(5) Concurrent Clear Claimed Marks
[2025-10-26T15:29:00.139+0200][2.528s] GC(5) Concurrent Clear Claimed Marks 0.018ms
[2025-10-26T15:29:00.139+0200][2.528s] GC(5) Concurrent Scan Root Regions
[2025-10-26T15:29:00.142+0200][2.531s] GC(5) Concurrent Scan Root Regions 2.875ms
[2025-10-26T15:29:00.142+0200][2.531s] GC(5) Concurrent Mark
[2025-10-26T15:29:00.142+0200][2.531s] GC(5) Concurrent Mark From Roots
[2025-10-26T15:29:00.142+0200][2.531s] GC(5) Using 2 workers of 2 for marking
[2025-10-26T15:29:00.149+0200][2.538s] GC(5) Concurrent Mark From Roots 7.083ms
[2025-10-26T15:29:00.149+0200][2.538s] GC(5) Concurrent Preclean
[2025-10-26T15:29:00.149+0200][2.538s] GC(5) Concurrent Preclean 0.069ms
[2025-10-26T15:29:00.149+0200][2.538s] GC(5) Pause Remark
[2025-10-26T15:29:00.150+0200][2.539s] GC(5) Pause Remark 31M->31M(512M) 1.061ms
[2025-10-26T15:29:00.150+0200][2.539s] GC(5) User=0.09s Sys=0.02s Real=0.00s
[2025-10-26T15:29:00.150+0200][2.539s] GC(5) Concurrent Mark 8.435ms
[2025-10-26T15:29:00.150+0200][2.539s] GC(5) Concurrent Rebuild Remembered Sets
[2025-10-26T15:29:00.154+0200][2.543s] GC(5) Concurrent Rebuild Remembered Sets 3.401ms
[2025-10-26T15:29:00.154+0200][2.543s] GC(5) Pause Cleanup
[2025-10-26T15:29:00.154+0200][2.543s] GC(5) Pause Cleanup 31M->31M(512M) 0.075ms
[2025-10-26T15:29:00.154+0200][2.543s] GC(5) User=0.00s Sys=0.00s Real=0.00s
[2025-10-26T15:29:00.154+0200][2.543s] GC(5) Concurrent Cleanup for Next Mark
[2025-10-26T15:29:00.154+0200][2.543s] GC(5) Concurrent Cleanup for Next Mark 0.295ms
[2025-10-26T15:29:00.154+0200][2.543s] GC(5) Concurrent Mark Cycle 15.325ms
